# JRE version: Java(TM) SE Runtime Environment (8.0_111-b14) (build 1.8.0_111-b14)
# Java VM: Java HotSpot(TM) 64-Bit Server VM (25.111-b14 mixed mode windows-amd64 compressed oops)
Heap:
 PSYoungGen      total 160768K, used 3283K [0x000000076d900000, 0x000000077ad00000, 0x00000007c0000000)
  eden space 145920K, 2% used [0x000000076d900000,0x000000076dc34de0,0x0000000776780000)
  from space 14848K, 0% used [0x0000000777680000,0x0000000777680000,0x0000000778500000)
  to   space 15360K, 0% used [0x0000000776780000,0x0000000776780000,0x0000000777680000)
 ParOldGen       total 152576K, used 18837K [0x00000006c8a00000, 0x00000006d1f00000, 0x000000076d900000)
  object space 152576K, 12% used [0x00000006c8a00000,0x00000006c9c65498,0x00000006d1f00000)
 Metaspace       used 34794K, capacity 35482K, committed 35712K, reserved 1081344K
  class space    used 4329K, capacity 4459K, committed 4480K, reserved 1048576K
GC Heap History (10 events):
Event: 4.315 GC heap before
{Heap before GC invocations=4 (full 1):
 PSYoungGen      total 74240K, used 8003K [0x000000076d900000, 0x0000000776a00000, 0x00000007c0000000)
  eden space 64000K, 0% used [0x000000076d900000,0x000000076d900000,0x0000000771780000)
  from space 10240K, 78% used [0x0000000771780000,0x0000000771f50c80,0x0000000772180000)
  to   space 10240K, 0% used [0x0000000776000000,0x0000000776000000,0x0000000776a00000)
 ParOldGen       total 169472K, used 447K [0x00000006c8a00000, 0x00000006d2f80000, 0x000000076d900000)
  object space 169472K, 0% used [0x00000006c8a00000,0x00000006c8a6fee8,0x00000006d2f80000)
 Metaspace       used 20868K, capacity 21168K, committed 21296K, reserved 1069056K
  class space    used 2585K, capacity 2677K, committed 2688K, reserved 1048576K
Event: 4.430 GC heap after
Heap after GC invocations=4 (full 1):
 PSYoungGen      total 74240K, used 0K [0x000000076d900000, 0x0000000776a00000, 0x00000007c0000000)
  eden space 64000K, 0% used [0x000000076d900000,0x000000076d900000,0x0000000771780000)
  from space 10240K, 0% used [0x0000000771780000,0x0000000771780000,0x0000000772180000)
  to   space 10240K, 0% used [0x0000000776000000,0x0000000776000000,0x0000000776a00000)
 ParOldGen       total 103936K, used 7939K [0x00000006c8a00000, 0x00000006cef80000, 0x000000076d900000)
  object space 103936K, 7% used [0x00000006c8a00000,0x00000006c91c0cb0,0x00000006cef80000)
 Metaspace       used 20868K, capacity 21168K, committed 21296K, reserved 1069056K
  class space    used 2585K, capacity 2677K, committed 2688K, reserved 1048576K
}
Event: 6.438 GC heap before
{Heap before GC invocations=5 (full 1):
 PSYoungGen      total 74240K, used 64000K [0x000000076d900000, 0x0000000776a00000, 0x00000007c0000000)
  eden space 64000K, 100% used [0x000000076d900000,0x0000000771780000,0x0000000771780000)
  from space 10240K, 0% used [0x0000000771780000,0x0000000771780000,0x0000000772180000)
  to   space 10240K, 0% used [0x0000000776000000,0x0000000776000000,0x0000000776a00000)
 ParOldGen       total 103936K, used 7939K [0x00000006c8a00000, 0x00000006cef80000, 0x000000076d900000)
  object space 103936K, 7% used [0x00000006c8a00000,0x00000006c91c0cb0,0x00000006cef80000)
 Metaspace       used 25895K, capacity 26228K, committed 26496K, reserved 1073152K
  class space    used 3257K, capacity 3355K, committed 3456K, reserved 1048576K
Event: 6.459 GC heap after
Heap after GC invocations=5 (full 1):
 PSYoungGen      total 103424K, used 8500K [0x000000076d900000, 0x0000000776880000, 0x00000007c0000000)
  eden space 94720K, 0% used [0x000000076d900000,0x000000076d900000,0x0000000773580000)
  from space 8704K, 97% used [0x0000000776000000,0x000000077684d058,0x0000000776880000)
  to   space 10240K, 0% used [0x0000000775480000,0x0000000775480000,0x0000000775e80000)
 ParOldGen       total 103936K, used 7947K [0x00000006c8a00000, 0x00000006cef80000, 0x000000076d900000)
  object space 103936K, 7% used [0x00000006c8a00000,0x00000006c91c2cb0,0x00000006cef80000)
 Metaspace       used 25895K, capacity 26228K, committed 26496K, reserved 1073152K
  class space    used 3257K, capacity 3355K, committed 3456K, reserved 1048576K
}
Event: 8.606 GC heap before
{Heap before GC invocations=6 (full 1):
 PSYoungGen      total 103424K, used 103220K [0x000000076d900000, 0x0000000776880000, 0x00000007c0000000)
  eden space 94720K, 100% used [0x000000076d900000,0x0000000773580000,0x0000000773580000)
  from space 8704K, 97% used [0x0000000776000000,0x000000077684d058,0x0000000776880000)
  to   space 10240K, 0% used [0x0000000775480000,0x0000000775480000,0x0000000775e80000)
 ParOldGen       total 103936K, used 7947K [0x00000006c8a00000, 0x00000006cef80000, 0x000000076d900000)
  object space 103936K, 7% used [0x00000006c8a00000,0x00000006c91c2cb0,0x00000006cef80000)
 Metaspace       used 29914K, capacity 30326K, committed 30592K, reserved 1075200K
  class space    used 3753K, capacity 3852K, committed 3968K, reserved 1048576K
Event: 8.728 GC heap after
Heap after GC invocations=6 (full 1):
 PSYoungGen      total 136704K, used 10209K [0x000000076d900000, 0x0000000778500000, 0x00000007c0000000)
  eden space 126464K, 0% used [0x000000076d900000,0x000000076d900000,0x0000000775480000)
  from space 10240K, 99% used [0x0000000775480000,0x0000000775e78580,0x0000000775e80000)
  to   space 14848K, 0% used [0x0000000777680000,0x0000000777680000,0x0000000778500000)
 ParOldGen       total 103936K, used 12926K [0x00000006c8a00000, 0x00000006cef80000, 0x000000076d900000)
  object space 103936K, 12% used [0x00000006c8a00000,0x00000006c969f878,0x00000006cef80000)
 Metaspace       used 29914K, capacity 30326K, committed 30592K, reserved 1075200K
  class space    used 3753K, capacity 3852K, committed 3968K, reserved 1048576K
}
Event: 951.254 GC heap before
{Heap before GC invocations=7 (full 1):
 PSYoungGen      total 136704K, used 101983K [0x000000076d900000, 0x0000000778500000, 0x00000007c0000000)
  eden space 126464K, 72% used [0x000000076d900000,0x000000077329f7f8,0x0000000775480000)
  from space 10240K, 99% used [0x0000000775480000,0x0000000775e78580,0x0000000775e80000)
  to   space 14848K, 0% used [0x0000000777680000,0x0000000777680000,0x0000000778500000)
 ParOldGen       total 103936K, used 12926K [0x00000006c8a00000, 0x00000006cef80000, 0x000000076d900000)
  object space 103936K, 12% used [0x00000006c8a00000,0x00000006c969f878,0x00000006cef80000)
 Metaspace       used 34776K, capacity 35412K, committed 35456K, reserved 1081344K
  class space    used 4327K, capacity 4457K, committed 4480K, reserved 1048576K
Event: 951.283 GC heap after
Heap after GC invocations=7 (full 1):
 PSYoungGen      total 160768K, used 12507K [0x000000076d900000, 0x000000077ad00000, 0x00000007c0000000)
  eden space 145920K, 0% used [0x000000076d900000,0x000000076d900000,0x0000000776780000)
  from space 14848K, 84% used [0x0000000777680000,0x00000007782b6e40,0x0000000778500000)
  to   space 15360K, 0% used [0x0000000776780000,0x0000000776780000,0x0000000777680000)
 ParOldGen       total 103936K, used 12934K [0x00000006c8a00000, 0x00000006cef80000, 0x000000076d900000)
  object space 103936K, 12% used [0x00000006c8a00000,0x00000006c96a1878,0x00000006cef80000)
 Metaspace       used 34776K, capacity 35412K, committed 35456K, reserved 1081344K
  class space    used 4327K, capacity 4457K, committed 4480K, reserved 1048576K
}
Event: 951.283 GC heap before
{Heap before GC invocations=8 (full 2):
 PSYoungGen      total 160768K, used 12507K [0x000000076d900000, 0x000000077ad00000, 0x00000007c0000000)
  eden space 145920K, 0% used [0x000000076d900000,0x000000076d900000,0x0000000776780000)
  from space 14848K, 84% used [0x0000000777680000,0x00000007782b6e40,0x0000000778500000)
  to   space 15360K, 0% used [0x0000000776780000,0x0000000776780000,0x0000000777680000)
 ParOldGen       total 103936K, used 12934K [0x00000006c8a00000, 0x00000006cef80000, 0x000000076d900000)
  object space 103936K, 12% used [0x00000006c8a00000,0x00000006c96a1878,0x00000006cef80000)
 Metaspace       used 34776K, capacity 35412K, committed 35456K, reserved 1081344K
  class space    used 4327K, capacity 4457K, committed 4480K, reserved 1048576K
Event: 951.458 GC heap after
Heap after GC invocations=8 (full 2):
 PSYoungGen      total 160768K, used 0K [0x000000076d900000, 0x000000077ad00000, 0x00000007c0000000)
  eden space 145920K, 0% used [0x000000076d900000,0x000000076d900000,0x0000000776780000)
  from space 14848K, 0% used [0x0000000777680000,0x0000000777680000,0x0000000778500000)
  to   space 15360K, 0% used [0x0000000776780000,0x0000000776780000,0x0000000777680000)
 ParOldGen       total 152576K, used 18837K [0x00000006c8a00000, 0x00000006d1f00000, 0x000000076d900000)
  object space 152576K, 12% used [0x00000006c8a00000,0x00000006c9c65498,0x00000006d1f00000)
 Metaspace       used 34776K, capacity 35412K, committed 35456K, reserved 1081344K
  class space    used 4327K, capacity 4457K, committed 4480K, reserved 1048576K
}

