# JRE version: Java(TM) SE Runtime Environment (8.0_111-b14) (build 1.8.0_111-b14)
# Java VM: Java HotSpot(TM) 64-Bit Server VM (25.111-b14 mixed mode windows-amd64 compressed oops)
Heap:
 PSYoungGen      total 172032K, used 3655K [0x000000076d900000, 0x000000077ad80000, 0x00000007c0000000)
  eden space 156672K, 2% used [0x000000076d900000,0x000000076dc91f50,0x0000000777200000)
  from space 15360K, 0% used [0x0000000778180000,0x0000000778180000,0x0000000779080000)
  to   space 15872K, 0% used [0x0000000777200000,0x0000000777200000,0x0000000778180000)
 ParOldGen       total 145920K, used 19227K [0x00000006c8a00000, 0x00000006d1880000, 0x000000076d900000)
  object space 145920K, 13% used [0x00000006c8a00000,0x00000006c9cc6db0,0x00000006d1880000)
 Metaspace       used 34809K, capacity 35478K, committed 35712K, reserved 1081344K
  class space    used 4287K, capacity 4428K, committed 4480K, reserved 1048576K
GC Heap History (10 events):
Event: 3.690 GC heap before
{Heap before GC invocations=4 (full 1):
 PSYoungGen      total 74240K, used 7947K [0x000000076d900000, 0x0000000776a00000, 0x00000007c0000000)
  eden space 64000K, 0% used [0x000000076d900000,0x000000076d900000,0x0000000771780000)
  from space 10240K, 77% used [0x0000000771780000,0x0000000771f42fd8,0x0000000772180000)
  to   space 10240K, 0% used [0x0000000776000000,0x0000000776000000,0x0000000776a00000)
 ParOldGen       total 169472K, used 477K [0x00000006c8a00000, 0x00000006d2f80000, 0x000000076d900000)
  object space 169472K, 0% used [0x00000006c8a00000,0x00000006c8a777e8,0x00000006d2f80000)
 Metaspace       used 20893K, capacity 21184K, committed 21296K, reserved 1069056K
  class space    used 2585K, capacity 2677K, committed 2688K, reserved 1048576K
Event: 3.818 GC heap after
Heap after GC invocations=4 (full 1):
 PSYoungGen      total 74240K, used 0K [0x000000076d900000, 0x0000000776a00000, 0x00000007c0000000)
  eden space 64000K, 0% used [0x000000076d900000,0x000000076d900000,0x0000000771780000)
  from space 10240K, 0% used [0x0000000771780000,0x0000000771780000,0x0000000772180000)
  to   space 10240K, 0% used [0x0000000776000000,0x0000000776000000,0x0000000776a00000)
 ParOldGen       total 97280K, used 7919K [0x00000006c8a00000, 0x00000006ce900000, 0x000000076d900000)
  object space 97280K, 8% used [0x00000006c8a00000,0x00000006c91bbee0,0x00000006ce900000)
 Metaspace       used 20893K, capacity 21184K, committed 21296K, reserved 1069056K
  class space    used 2585K, capacity 2677K, committed 2688K, reserved 1048576K
}
Event: 5.400 GC heap before
{Heap before GC invocations=5 (full 1):
 PSYoungGen      total 74240K, used 64000K [0x000000076d900000, 0x0000000776a00000, 0x00000007c0000000)
  eden space 64000K, 100% used [0x000000076d900000,0x0000000771780000,0x0000000771780000)
  from space 10240K, 0% used [0x0000000771780000,0x0000000771780000,0x0000000772180000)
  to   space 10240K, 0% used [0x0000000776000000,0x0000000776000000,0x0000000776a00000)
 ParOldGen       total 97280K, used 7919K [0x00000006c8a00000, 0x00000006ce900000, 0x000000076d900000)
  object space 97280K, 8% used [0x00000006c8a00000,0x00000006c91bbee0,0x00000006ce900000)
 Metaspace       used 25893K, capacity 26244K, committed 26496K, reserved 1073152K
  class space    used 3258K, capacity 3355K, committed 3456K, reserved 1048576K
Event: 5.443 GC heap after
Heap after GC invocations=5 (full 1):
 PSYoungGen      total 110592K, used 8453K [0x000000076d900000, 0x0000000776880000, 0x00000007c0000000)
  eden space 101888K, 0% used [0x000000076d900000,0x000000076d900000,0x0000000773c80000)
  from space 8704K, 97% used [0x0000000776000000,0x0000000776841598,0x0000000776880000)
  to   space 10240K, 0% used [0x0000000775480000,0x0000000775480000,0x0000000775e80000)
 ParOldGen       total 97280K, used 7927K [0x00000006c8a00000, 0x00000006ce900000, 0x000000076d900000)
  object space 97280K, 8% used [0x00000006c8a00000,0x00000006c91bdee0,0x00000006ce900000)
 Metaspace       used 25893K, capacity 26244K, committed 26496K, reserved 1073152K
  class space    used 3258K, capacity 3355K, committed 3456K, reserved 1048576K
}
Event: 7.693 GC heap before
{Heap before GC invocations=6 (full 1):
 PSYoungGen      total 110592K, used 110341K [0x000000076d900000, 0x0000000776880000, 0x00000007c0000000)
  eden space 101888K, 100% used [0x000000076d900000,0x0000000773c80000,0x0000000773c80000)
  from space 8704K, 97% used [0x0000000776000000,0x0000000776841598,0x0000000776880000)
  to   space 10240K, 0% used [0x0000000775480000,0x0000000775480000,0x0000000775e80000)
 ParOldGen       total 97280K, used 7927K [0x00000006c8a00000, 0x00000006ce900000, 0x000000076d900000)
  object space 97280K, 8% used [0x00000006c8a00000,0x00000006c91bdee0,0x00000006ce900000)
 Metaspace       used 30124K, capacity 30510K, committed 30848K, reserved 1077248K
  class space    used 3780K, capacity 3886K, committed 3968K, reserved 1048576K
Event: 7.723 GC heap after
Heap after GC invocations=6 (full 1):
 PSYoungGen      total 136704K, used 10209K [0x000000076d900000, 0x0000000779080000, 0x00000007c0000000)
  eden space 126464K, 0% used [0x000000076d900000,0x000000076d900000,0x0000000775480000)
  from space 10240K, 99% used [0x0000000775480000,0x0000000775e78580,0x0000000775e80000)
  to   space 15360K, 0% used [0x0000000778180000,0x0000000778180000,0x0000000779080000)
 ParOldGen       total 97280K, used 13372K [0x00000006c8a00000, 0x00000006ce900000, 0x000000076d900000)
  object space 97280K, 13% used [0x00000006c8a00000,0x00000006c970f2a8,0x00000006ce900000)
 Metaspace       used 30124K, capacity 30510K, committed 30848K, reserved 1077248K
  class space    used 3780K, capacity 3886K, committed 3968K, reserved 1048576K
}
Event: 91.533 GC heap before
{Heap before GC invocations=7 (full 1):
 PSYoungGen      total 136704K, used 131615K [0x000000076d900000, 0x0000000779080000, 0x00000007c0000000)
  eden space 126464K, 96% used [0x000000076d900000,0x0000000774f8f750,0x0000000775480000)
  from space 10240K, 99% used [0x0000000775480000,0x0000000775e78580,0x0000000775e80000)
  to   space 15360K, 0% used [0x0000000778180000,0x0000000778180000,0x0000000779080000)
 ParOldGen       total 97280K, used 13372K [0x00000006c8a00000, 0x00000006ce900000, 0x000000076d900000)
  object space 97280K, 13% used [0x00000006c8a00000,0x00000006c970f2a8,0x00000006ce900000)
 Metaspace       used 34659K, capacity 35340K, committed 35456K, reserved 1081344K
  class space    used 4264K, capacity 4425K, committed 4480K, reserved 1048576K
Event: 91.573 GC heap after
Heap after GC invocations=7 (full 1):
 PSYoungGen      total 172032K, used 12772K [0x000000076d900000, 0x000000077ad80000, 0x00000007c0000000)
  eden space 156672K, 0% used [0x000000076d900000,0x000000076d900000,0x0000000777200000)
  from space 15360K, 83% used [0x0000000778180000,0x0000000778df9040,0x0000000779080000)
  to   space 15872K, 0% used [0x0000000777200000,0x0000000777200000,0x0000000778180000)
 ParOldGen       total 97280K, used 13380K [0x00000006c8a00000, 0x00000006ce900000, 0x000000076d900000)
  object space 97280K, 13% used [0x00000006c8a00000,0x00000006c97112a8,0x00000006ce900000)
 Metaspace       used 34659K, capacity 35340K, committed 35456K, reserved 1081344K
  class space    used 4264K, capacity 4425K, committed 4480K, reserved 1048576K
}
Event: 91.573 GC heap before
{Heap before GC invocations=8 (full 2):
 PSYoungGen      total 172032K, used 12772K [0x000000076d900000, 0x000000077ad80000, 0x00000007c0000000)
  eden space 156672K, 0% used [0x000000076d900000,0x000000076d900000,0x0000000777200000)
  from space 15360K, 83% used [0x0000000778180000,0x0000000778df9040,0x0000000779080000)
  to   space 15872K, 0% used [0x0000000777200000,0x0000000777200000,0x0000000778180000)
 ParOldGen       total 97280K, used 13380K [0x00000006c8a00000, 0x00000006ce900000, 0x000000076d900000)
  object space 97280K, 13% used [0x00000006c8a00000,0x00000006c97112a8,0x00000006ce900000)
 Metaspace       used 34659K, capacity 35340K, committed 35456K, reserved 1081344K
  class space    used 4264K, capacity 4425K, committed 4480K, reserved 1048576K
Event: 91.749 GC heap after
Heap after GC invocations=8 (full 2):
 PSYoungGen      total 172032K, used 0K [0x000000076d900000, 0x000000077ad80000, 0x00000007c0000000)
  eden space 156672K, 0% used [0x000000076d900000,0x000000076d900000,0x0000000777200000)
  from space 15360K, 0% used [0x0000000778180000,0x0000000778180000,0x0000000779080000)
  to   space 15872K, 0% used [0x0000000777200000,0x0000000777200000,0x0000000778180000)
 ParOldGen       total 145920K, used 19227K [0x00000006c8a00000, 0x00000006d1880000, 0x000000076d900000)
  object space 145920K, 13% used [0x00000006c8a00000,0x00000006c9cc6db0,0x00000006d1880000)
 Metaspace       used 34659K, capacity 35340K, committed 35456K, reserved 1081344K
  class space    used 4264K, capacity 4425K, committed 4480K, reserved 1048576K
}

