# JRE version: Java(TM) SE Runtime Environment (8.0_111-b14) (build 1.8.0_111-b14)
# Java VM: Java HotSpot(TM) 64-Bit Server VM (25.111-b14 mixed mode windows-amd64 compressed oops)
Heap:
 PSYoungGen      total 264192K, used 55452K [0x000000076d900000, 0x0000000783580000, 0x00000007c0000000)
  eden space 252928K, 17% used [0x000000076d900000,0x000000077042dac0,0x000000077d000000)
  from space 11264K, 99% used [0x000000077d000000,0x000000077daf9708,0x000000077db00000)
  to   space 13824K, 0% used [0x0000000782800000,0x0000000782800000,0x0000000783580000)
 ParOldGen       total 93184K, used 12175K [0x00000006c8a00000, 0x00000006ce500000, 0x000000076d900000)
  object space 93184K, 13% used [0x00000006c8a00000,0x00000006c95e3e78,0x00000006ce500000)
 Metaspace       used 34058K, capacity 34810K, committed 34944K, reserved 1079296K
  class space    used 4189K, capacity 4360K, committed 4480K, reserved 1048576K
GC Heap History (10 events):
Event: 4.614 GC heap before
{Heap before GC invocations=4 (full 0):
 PSYoungGen      total 74240K, used 71029K [0x000000076d900000, 0x0000000776a00000, 0x00000007c0000000)
  eden space 64000K, 100% used [0x000000076d900000,0x0000000771780000,0x0000000771780000)
  from space 10240K, 68% used [0x0000000771780000,0x0000000771e5d560,0x0000000772180000)
  to   space 10240K, 0% used [0x0000000776000000,0x0000000776000000,0x0000000776a00000)
 ParOldGen       total 169472K, used 96K [0x00000006c8a00000, 0x00000006d2f80000, 0x000000076d900000)
  object space 169472K, 0% used [0x00000006c8a00000,0x00000006c8a18010,0x00000006d2f80000)
 Metaspace       used 19968K, capacity 20340K, committed 20480K, reserved 1067008K
  class space    used 2455K, capacity 2549K, committed 2560K, reserved 1048576K
Event: 4.660 GC heap after
Heap after GC invocations=4 (full 0):
 PSYoungGen      total 138240K, used 8447K [0x000000076d900000, 0x0000000776a00000, 0x00000007c0000000)
  eden space 128000K, 0% used [0x000000076d900000,0x000000076d900000,0x0000000775600000)
  from space 10240K, 82% used [0x0000000776000000,0x000000077683fcc0,0x0000000776a00000)
  to   space 10240K, 0% used [0x0000000775600000,0x0000000775600000,0x0000000776000000)
 ParOldGen       total 169472K, used 104K [0x00000006c8a00000, 0x00000006d2f80000, 0x000000076d900000)
  object space 169472K, 0% used [0x00000006c8a00000,0x00000006c8a1a010,0x00000006d2f80000)
 Metaspace       used 19968K, capacity 20340K, committed 20480K, reserved 1067008K
  class space    used 2455K, capacity 2549K, committed 2560K, reserved 1048576K
}
Event: 5.024 GC heap before
{Heap before GC invocations=5 (full 0):
 PSYoungGen      total 138240K, used 27723K [0x000000076d900000, 0x0000000776a00000, 0x00000007c0000000)
  eden space 128000K, 15% used [0x000000076d900000,0x000000076ebd3000,0x0000000775600000)
  from space 10240K, 82% used [0x0000000776000000,0x000000077683fcc0,0x0000000776a00000)
  to   space 10240K, 0% used [0x0000000775600000,0x0000000775600000,0x0000000776000000)
 ParOldGen       total 169472K, used 104K [0x00000006c8a00000, 0x00000006d2f80000, 0x000000076d900000)
  object space 169472K, 0% used [0x00000006c8a00000,0x00000006c8a1a010,0x00000006d2f80000)
 Metaspace       used 20858K, capacity 21178K, committed 21296K, reserved 1069056K
  class space    used 2601K, capacity 2678K, committed 2688K, reserved 1048576K
Event: 5.076 GC heap after
Heap after GC invocations=5 (full 0):
 PSYoungGen      total 138240K, used 8332K [0x000000076d900000, 0x000000077e600000, 0x00000007c0000000)
  eden space 128000K, 0% used [0x000000076d900000,0x000000076d900000,0x0000000775600000)
  from space 10240K, 81% used [0x0000000775600000,0x0000000775e230f8,0x0000000776000000)
  to   space 9728K, 0% used [0x000000077dc80000,0x000000077dc80000,0x000000077e600000)
 ParOldGen       total 169472K, used 104K [0x00000006c8a00000, 0x00000006d2f80000, 0x000000076d900000)
  object space 169472K, 0% used [0x00000006c8a00000,0x00000006c8a1a010,0x00000006d2f80000)
 Metaspace       used 20858K, capacity 21178K, committed 21296K, reserved 1069056K
  class space    used 2601K, capacity 2678K, committed 2688K, reserved 1048576K
}
Event: 5.076 GC heap before
{Heap before GC invocations=6 (full 1):
 PSYoungGen      total 138240K, used 8332K [0x000000076d900000, 0x000000077e600000, 0x00000007c0000000)
  eden space 128000K, 0% used [0x000000076d900000,0x000000076d900000,0x0000000775600000)
  from space 10240K, 81% used [0x0000000775600000,0x0000000775e230f8,0x0000000776000000)
  to   space 9728K, 0% used [0x000000077dc80000,0x000000077dc80000,0x000000077e600000)
 ParOldGen       total 169472K, used 104K [0x00000006c8a00000, 0x00000006d2f80000, 0x000000076d900000)
  object space 169472K, 0% used [0x00000006c8a00000,0x00000006c8a1a010,0x00000006d2f80000)
 Metaspace       used 20858K, capacity 21178K, committed 21296K, reserved 1069056K
  class space    used 2601K, capacity 2678K, committed 2688K, reserved 1048576K
Event: 5.209 GC heap after
Heap after GC invocations=6 (full 1):
 PSYoungGen      total 138240K, used 0K [0x000000076d900000, 0x000000077e600000, 0x00000007c0000000)
  eden space 128000K, 0% used [0x000000076d900000,0x000000076d900000,0x0000000775600000)
  from space 10240K, 0% used [0x0000000775600000,0x0000000775600000,0x0000000776000000)
  to   space 9728K, 0% used [0x000000077dc80000,0x000000077dc80000,0x000000077e600000)
 ParOldGen       total 93184K, used 8307K [0x00000006c8a00000, 0x00000006ce500000, 0x000000076d900000)
  object space 93184K, 8% used [0x00000006c8a00000,0x00000006c921ce50,0x00000006ce500000)
 Metaspace       used 20858K, capacity 21178K, committed 21296K, reserved 1069056K
  class space    used 2601K, capacity 2678K, committed 2688K, reserved 1048576K
}
Event: 7.790 GC heap before
{Heap before GC invocations=7 (full 1):
 PSYoungGen      total 138240K, used 128000K [0x000000076d900000, 0x000000077e600000, 0x00000007c0000000)
  eden space 128000K, 100% used [0x000000076d900000,0x0000000775600000,0x0000000775600000)
  from space 10240K, 0% used [0x0000000775600000,0x0000000775600000,0x0000000776000000)
  to   space 9728K, 0% used [0x000000077dc80000,0x000000077dc80000,0x000000077e600000)
 ParOldGen       total 93184K, used 8307K [0x00000006c8a00000, 0x00000006ce500000, 0x000000076d900000)
  object space 93184K, 8% used [0x00000006c8a00000,0x00000006c921ce50,0x00000006ce500000)
 Metaspace       used 27309K, capacity 27760K, committed 28160K, reserved 1073152K
  class space    used 3407K, capacity 3519K, committed 3584K, reserved 1048576K
Event: 7.818 GC heap after
Heap after GC invocations=7 (full 1):
 PSYoungGen      total 219136K, used 9701K [0x000000076d900000, 0x000000077e600000, 0x00000007c0000000)
  eden space 209408K, 0% used [0x000000076d900000,0x000000076d900000,0x000000077a580000)
  from space 9728K, 99% used [0x000000077dc80000,0x000000077e5f9660,0x000000077e600000)
  to   space 11264K, 0% used [0x000000077d000000,0x000000077d000000,0x000000077db00000)
 ParOldGen       total 93184K, used 10155K [0x00000006c8a00000, 0x00000006ce500000, 0x000000076d900000)
  object space 93184K, 10% used [0x00000006c8a00000,0x00000006c93eae80,0x00000006ce500000)
 Metaspace       used 27309K, capacity 27760K, committed 28160K, reserved 1073152K
  class space    used 3407K, capacity 3519K, committed 3584K, reserved 1048576K
}
Event: 16.522 GC heap before
{Heap before GC invocations=8 (full 1):
 PSYoungGen      total 219136K, used 219109K [0x000000076d900000, 0x000000077e600000, 0x00000007c0000000)
  eden space 209408K, 100% used [0x000000076d900000,0x000000077a580000,0x000000077a580000)
  from space 9728K, 99% used [0x000000077dc80000,0x000000077e5f9660,0x000000077e600000)
  to   space 11264K, 0% used [0x000000077d000000,0x000000077d000000,0x000000077db00000)
 ParOldGen       total 93184K, used 10155K [0x00000006c8a00000, 0x00000006ce500000, 0x000000076d900000)
  object space 93184K, 10% used [0x00000006c8a00000,0x00000006c93eae80,0x00000006ce500000)
 Metaspace       used 31950K, capacity 32622K, committed 32896K, reserved 1077248K
  class space    used 3982K, capacity 4108K, committed 4224K, reserved 1048576K
Event: 16.550 GC heap after
Heap after GC invocations=8 (full 1):
 PSYoungGen      total 264192K, used 11237K [0x000000076d900000, 0x0000000783580000, 0x00000007c0000000)
  eden space 252928K, 0% used [0x000000076d900000,0x000000076d900000,0x000000077d000000)
  from space 11264K, 99% used [0x000000077d000000,0x000000077daf9708,0x000000077db00000)
  to   space 13824K, 0% used [0x0000000782800000,0x0000000782800000,0x0000000783580000)
 ParOldGen       total 93184K, used 12175K [0x00000006c8a00000, 0x00000006ce500000, 0x000000076d900000)
  object space 93184K, 13% used [0x00000006c8a00000,0x00000006c95e3e78,0x00000006ce500000)
 Metaspace       used 31950K, capacity 32622K, committed 32896K, reserved 1077248K
  class space    used 3982K, capacity 4108K, committed 4224K, reserved 1048576K
}

